なんて	x00:例示,APPEND232:なんて,/x00:感嘆,APPEND233:なんて,/x00:強調,APPEND234:なんて,
んで	x00:理由,APPEND393:んで,
モン	x00:感嘆,APPEND573:モン,
ちゃう	x00:完了,APPEND291:ちゃう,/x00:無意志,APPEND292:ちゃう,/x00:疑問,APPEND542:ちゃう.か,1:か,
ちゃい	x00:無意志,APPEND1017:ちゃい.まし,1:まし,
下さい	x00:依頼,APPEND298:下さい,
ほど	x00:程度,APPEND577:ほど,
がち	x00:容易,APPEND144:がち.です,1:です,/x00:容易,APPEND299:がち,
ヨ	x00:態度,APPEND5:ヨ,
うる	x00:可能,APPEND300:うる,
なかっ	x00:否定,APPEND37:なかっ,
せる	x00:使役,APPEND301:せる,
せよ	x00:使役,APPEND302:せよ,
いただい	x00:依頼,APPEND1110:いただい,
でしょ	x00:態度,APPEND304:でしょ,/x00:推量-高確実性,APPEND305:でしょ,/x00:疑問,APPEND306:でしょ,/x00:自然発生,APPEND321:でしょ.う.が.ない.です,1:う,2:が,3:ない,4:です,/x00:疑問,APPEND537:でしょ.う.か,1:う,2:か,/x00:疑問,APPEND596:でしょ.う.か.？,1:う,2:か,3:？,/x00:疑問,APPEND845:でしょ.ー.か,1:ー,2:か,/x00:判断,APPEND908:でしょ.う,1:う,/x00:勧め,APPEND909:でしょ.う,1:う,/x00:態度,APPEND910:でしょ.う,1:う,/x00:推量-高確実性,APPEND911:でしょ.う,1:う,/x00:疑問,APPEND912:でしょ.う,1:う,/x00:疑問,APPEND940:でしょ.か,1:か,/x00:疑問,APPEND1136:でしょ.う.か.。,1:う,2:か,3:。,
たかっ	x00:願望,APPEND8:たかっ,
させ	x00:使役,APPEND1041:させ,
とき	x00:結果状態,APPEND396:とき,
じゃ	x00:疑問,APPEND55:じゃ.ない.ん.です.か,1:ない,2:ん,3:です,4:か,/x00:判断,APPEND93:じゃ,/x00:否定,APPEND250:じゃ.ない.です,1:ない,2:です,/x00:疑問,APPEND275:じゃ.ない.です.か,1:ない,2:です,3:か,/x00:否定,APPEND317:じゃ.なく,1:なく,/x00:否定,APPEND323:じゃ.ない,1:ない,/x00:疑問,APPEND324:じゃ.ない,1:ない,/x00:疑問,APPEND423:じゃ.ない.かい,1:ない,2:かい,/x00:疑問,APPEND468:じゃ.なくっ.て,1:なくっ,2:て,/x00:疑問,APPEND716:じゃ.ない.っす.か,1:ない,2:っす,3:か,/x00:不許可,APPEND802:じゃ.いけ.ない,1:いけ,2:ない,/x00:否定,APPEND803:じゃ.あり.ませ.ん,1:あり,2:ませ,3:ん,/x00:疑問,APPEND849:じゃ.ない.か.な,1:ない,2:か,3:な,/x00:疑問,APPEND919:じゃ.ない.でしょ.う.か,1:ない,2:でしょ,3:う,4:か,/x00:態度,APPEND1032:じゃ.ない.の,1:ない,2:の,/x00:疑問,APPEND1046:じゃ.ない.か,1:ない,2:か,
とか	x00:例示,APPEND12:とか,
やすい	x00:容易,APPEND16:やすい,/x00:容易,APPEND401:やすい.です,1:です,
ちゃっ	x00:無意志,APPEND257:ちゃっ.い.まし,1:い,2:まし,/x00:完了,APPEND774:ちゃっ,/x00:無意志,APPEND775:ちゃっ,
いたし	x00:判断,APPEND623:いたし.ます,1:ます,
ほか	x00:添加,APPEND143:ほか.に,1:に,/x00:添加,APPEND584:ほか,
ねえ	x00:態度,APPEND318:ねえ,
申しあげ	x00:判断,APPEND359:申しあげ.ます,1:ます,
バラバラ	x00:判断,APPEND320:バラバラ,
いただき	x00:依頼,APPEND1105:いただき,
よう	x00:自然発生,APPEND11:よう.に.なり.ます,1:に,2:なり,3:ます,/x00:自然発生,APPEND15:よう.に.なり.まし,1:に,2:なり,3:まし,/x00:内容,APPEND382:よう.に,1:に,/x00:勧め,APPEND383:よう.に,1:に,/x00:願望,APPEND384:よう.に,1:に,/x00:依頼,APPEND385:よう.に,1:に,/x00:目的,APPEND386:よう.に,1:に,/x00:様態,APPEND387:よう.に,1:に,/x00:推量-不確実,APPEND388:よう.な,1:な,/x00:意志,APPEND426:よう.に.さ,1:に,2:さ,/x00:意志,APPEND427:よう.に.し,1:に,2:し,/x00:自然発生,APPEND586:よう.に.なり,1:に,2:なり,/x00:自然発生,APPEND587:よう.に.なる,1:に,2:なる,/x00:例示,APPEND588:よう,/x00:内容,APPEND589:よう,/x00:伝聞,APPEND590:よう,/x00:目的,APPEND591:よう,/x00:様態,APPEND592:よう,/x00:推量-不確実,APPEND593:よう,/x00:比況,APPEND594:よう,/x00:自然発生,APPEND806:よう.に.なっ,1:に,2:なっ,
じゃん	x00:態度,APPEND189:じゃん,
ねぇ	x00:態度,APPEND325:ねぇ,
とけ	x00:勧め,APPEND191:とけ,/x00:結果状態,APPEND192:とけ,
られる	x00:受身,APPEND326:られる,/x00:可能,APPEND327:られる,
ながら	x00:逆接確定,APPEND920:ながら,/x00:付帯-続行,APPEND921:ながら,/x00:付帯-並行,APPEND922:ながら,
じゃあ	x00:疑問,APPEND366:じゃあ.ない.か,1:ない,2:か,
ましょ	x00:勧め,APPEND28:ましょ,/x00:判断,APPEND211:ましょ.う,1:う,/x00:依頼,APPEND212:ましょ.う,1:う,/x00:勧め,APPEND213:ましょ.う,1:う,/x00:勧誘,APPEND214:ましょ.う,1:う,
事	x00:自然発生,APPEND4:事.に.なる,1:に,2:なる,/x00:不可能,APPEND25:事.が.でき.ませ.ん,1:が,2:でき,3:ませ,4:ん,/x00:可能,APPEND53:事.は.でき.ませ,1:は,2:でき,3:ませ,/x00:判断,APPEND241:事,/x00:名詞化,APPEND242:事,/x00:勧め,APPEND243:事,/x00:判断,APPEND362:事.な,1:な,/x00:可能,APPEND530:事.が.でき.ます,1:が,2:でき,3:ます,/x00:可能,APPEND604:事.が.出来る,1:が,2:出来る,/x00:否定,APPEND730:事.は.ない,1:は,2:ない,/x00:可能,APPEND777:事.が.出来,1:が,2:出来,/x00:不可能,APPEND858:事.が.出来.ない.です,1:が,2:出来,3:ない,4:です,/x00:感嘆,APPEND881:事.か,1:か,/x00:自然発生,APPEND902:事.に.なり.まし,1:に,2:なり,3:まし,/x00:自然発生,APPEND905:事.に.なり.ます,1:に,2:なり,3:ます,/x00:不必要,APPEND958:事.は.無い,1:は,2:無い,/x00:不可能,APPEND966:事.が.でき.ず,1:が,2:でき,3:ず,/x00:可能,APPEND989:事.は.出来.ます,1:は,2:出来,3:ます,/x00:不必要,APPEND1053:事.も.ない.です,1:も,2:ない,3:です,
する	x00:判断,APPEND603:する,
限り	x00:順接仮定,APPEND271:限り,
なァ	x00:態度,APPEND337:なァ,
られ	x00:受身,APPEND344:られ,/x00:使役,APPEND345:られ,/x00:可能,APPEND346:られ,/x00:受身,APPEND410:られ.ませ,1:ませ,/x00:可能,APPEND411:られ.ませ,1:ませ,/x00:自発,APPEND413:られ.ます,1:ます,/x00:受身,APPEND414:られ.ます,1:ます,/x00:可能,APPEND415:られ.ます,1:ます,/x00:受身,APPEND418:られ.まし,1:まし,/x00:可能,APPEND419:られ.まし,1:まし,/x00:不可能,APPEND1119:られ.ない,1:ない,
わけ	x00:否定,APPEND195:わけ.ない,1:ない,/x00:不可能,APPEND278:わけ.に.は.いか.ない,1:に,2:は,3:いか,4:ない,/x00:否定,APPEND404:わけ.で.も.なく,1:で,2:も,3:なく,/x00:否定,APPEND547:わけ.が.ない,1:が,2:ない,/x00:否定,APPEND745:わけ.じゃ.ない,1:じゃ,2:ない,/x00:否定,APPEND776:わけ.で.は.ない,1:で,2:は,3:ない,/x00:否定,APPEND784:わけ.で.は.なく,1:で,2:は,3:なく,/x00:否定,APPEND887:わけ.で.は.あり.ませ.ん,1:で,2:は,3:あり,4:ませ,5:ん,/x00:判断,APPEND932:わけ,/x00:否定,APPEND950:わけ.に.も.いか.ない,1:に,2:も,3:いか,4:ない,
かけ	x00:事前,APPEND612:かけ,
こと	x00:可能,APPEND54:こと.の.できる,1:の,2:できる,/x00:可能,APPEND77:こと.が.でき.ます,1:が,2:でき,3:ます,/x00:可能,APPEND79:こと.が.でき.ませ,1:が,2:でき,3:ませ,/x00:理由,APPEND139:こと.です.し,1:です,2:し,/x00:可能,APPEND289:こと.は.できる,1:は,2:できる,/x00:可能,APPEND347:こと.でき.ます,1:でき,2:ます,/x00:自然発生,APPEND348:こと.に.なる,1:に,2:なる,/x00:名詞化,APPEND349:こと,/x00:当為,APPEND350:こと,/x00:勧め,APPEND351:こと,/x00:不可能,APPEND365:こと.は.でき.ない,1:は,2:でき,3:ない,/x00:感嘆,APPEND405:こと.か,1:か,/x00:意志,APPEND412:こと.に.し,1:に,2:し,/x00:可能,APPEND448:こと.が.出来る,1:が,2:出来る,/x00:理由,APPEND544:こと.から,1:から,/x00:可能,APPEND548:こと.も.でき,1:も,2:でき,/x00:不可能,APPEND550:こと.が.でき.なく,1:が,2:でき,3:なく,/x00:不可能,APPEND552:こと.が.でき.ない,1:が,2:でき,3:ない,/x00:自然発生,APPEND598:こと.に.なっ,1:に,2:なっ,/x00:習慣,APPEND599:こと.に.なっ,1:に,2:なっ,/x00:不可能,APPEND616:こと.は.、.でき.ませ.ん,1:は,2:、,3:でき,4:ませ,5:ん,/x00:可能,APPEND732:こと.も.出来,1:も,2:出来,/x00:可能,APPEND760:こと.が.できる,1:が,2:できる,/x00:否定,APPEND805:こと.は.ない,1:は,2:ない,/x00:判断,APPEND830:こと.に.なり.ます,1:に,2:なり,3:ます,/x00:自然発生,APPEND831:こと.に.なり.ます,1:に,2:なり,3:ます,/x00:自然発生,APPEND835:こと.に.なり.まし,1:に,2:なり,3:まし,/x00:可能,APPEND868:こと.は.でき,1:は,2:でき,/x00:自然発生,APPEND891:こと.に.なり,1:に,2:なり,/x00:可能,APPEND897:こと.も.でき.ます,1:も,2:でき,3:ます,/x00:可能,APPEND907:こと.が.出来.まし,1:が,2:出来,3:まし,/x00:可能,APPEND914:こと.が.出来.ませ,1:が,2:出来,3:ませ,/x00:可能,APPEND916:こと.が.出来.ます,1:が,2:出来,3:ます,/x00:不可能,APPEND918:こと.は.でき.ませ.ん,1:は,2:でき,3:ませ,4:ん,/x00:不可能,APPEND939:こと.は.出来.ない,1:は,2:出来,3:ない,/x00:不必要,APPEND1043:こと.も.ない,1:も,2:ない,/x00:不必要,APPEND1060:こと.ない,1:ない,/x00:名詞化,APPEND1115:こと.ます,1:ます,
いただけ	x00:依頼,APPEND297:いただけ.ませ.ん.か,1:ませ,2:ん,3:か,
もん	x00:意志,APPEND353:もん,/x00:習慣,APPEND354:もん,/x00:態度,APPEND355:もん,/x00:理由,APPEND535:もん.で,1:で,/x00:判断,APPEND1134:もん.です,1:です,
なん	x00:判断,APPEND356:なん,
くせ	x00:逆接確定,APPEND357:くせ,/x00:逆接確定,APPEND583:くせ.に,1:に,
かね	x00:推量-不確実,APPEND173:かね.ませ.ん,1:ませ,2:ん,
反面	x00:対比,APPEND943:反面,
より	x00:比較,APPEND947:より,
にゃ	x00:当為,APPEND750:にゃ.なら.ない,1:なら,2:ない,
なら	x00:順接仮定,APPEND281:なら.ば,1:ば,/x00:順接仮定,APPEND367:なら,/x00:自然発生,APPEND368:なら,/x00:順接確定,APPEND369:なら,
うち	x00:順接仮定,APPEND437:うち.は,1:は,/x00:順接仮定,APPEND439:うち.に,1:に,
なる	x00:自然発生,APPEND370:なる,
なり	x00:例示,APPEND371:なり,/x00:自然発生,APPEND372:なり,/x00:自然発生,APPEND749:なり.まし,1:まし,/x00:自然発生,APPEND751:なり.ませ,1:ませ,/x00:自然発生,APPEND752:なり.ます,1:ます,
なれ	x00:自然発生,APPEND89:なれ.ます,1:ます,/x00:自然発生,APPEND309:なれ.ませ,1:ませ,/x00:自然発生,APPEND374:なれ,
訳	x00:否定,APPEND36:訳.で.も.あり.ませ.ん,1:で,2:も,3:あり,4:ませ,5:ん,/x00:否定,APPEND59:訳.じゃ.ない.です,1:じゃ,2:ない,3:です,/x00:否定,APPEND237:訳.じゃ.ない,1:じゃ,2:ない,/x00:否定,APPEND485:訳.じゃ.無い,1:じゃ,2:無い,/x00:否定,APPEND619:訳.に.は.いか.ず,1:に,2:は,3:いか,4:ず,/x00:否定,APPEND800:訳.で.は.ない.です,1:で,2:は,3:ない,4:です,/x00:否定,APPEND936:訳.で.は.あり.ませ.ん,1:で,2:は,3:あり,4:ませ,5:ん,/x00:否定,APPEND1049:訳.で.は.なく,1:で,2:は,3:なく,
といった	x00:内容,APPEND625:といった,
み	x00:伝聞,APPEND885:み.たい,1:たい,/x00:比況,APPEND886:み.たい,1:たい,
ば	x00:勧め,APPEND331:ば.いい,1:いい,/x00:順接仮定,APPEND461:ば,/x00:逆接確定,APPEND462:ば,/x00:勧め,APPEND463:ば,/x00:順接確定,APPEND464:ば,/x00:並立,APPEND465:ば,/x00:勧め,APPEND771:ば.良い,1:良い,/x00:勧め,APPEND822:ば.いい.です,1:いい,2:です,/x00:勧め,APPEND992:ば.いいん,1:いいん,/x00:勧め,APPEND1103:ば.よい,1:よい,
に対して	x00:対比,APPEND56:に対して,
べく	x00:当為,APPEND456:べく.し.て,1:し,2:て,
まま	x00:付帯-続行,APPEND57:まま,
に	x00:逆接確定,APPEND7:に.も.かかわら.ず,1:も,2:かかわら,3:ず,/x00:場合,APPEND23:に.も.より.ます,1:も,2:より,3:ます,/x00:逆接仮定,APPEND363:に.し.て.も,1:し,2:て,3:も,/x00:自然発生,APPEND364:に.なれ.ませ,1:なれ,2:ませ,/x00:逆接確定,APPEND400:に.も.関わら.ず,1:も,2:関わら,3:ず,/x00:判断,APPEND629:に,/x00:依頼,APPEND630:に,/x00:目的,APPEND631:に,/x00:強調,APPEND632:に,/x00:場合,APPEND715:に.より.ます,1:より,2:ます,/x00:逆接確定,APPEND762:に.も,1:も,/x00:判断,APPEND772:に.なれ,1:なれ,/x00:自然発生,APPEND773:に.なれ,1:なれ,/x00:判断,APPEND809:に.なっ,1:なっ,/x00:自然発生,APPEND810:に.なっ,1:なっ,/x00:意志,APPEND828:に.する,1:する,/x00:意志,APPEND923:に.し.ます,1:し,2:ます,/x00:自然発生,APPEND930:に.なり.まし,1:なり,2:まし,/x00:判断,APPEND933:に.なり.ます,1:なり,2:ます,/x00:自然発生,APPEND934:に.なり.ます,1:なり,2:ます,/x00:自然発生,APPEND938:に.なれる,1:なれる,/x00:自然発生,APPEND1083:に.なろ,1:なろ,/x00:自然発生,APPEND1084:に.なり,1:なり,/x00:判断,APPEND1085:に.なる,1:なる,/x00:自然発生,APPEND1086:に.なる,1:なる,/x00:判断,APPEND1088:に.なら,1:なら,/x00:自然発生,APPEND1089:に.なら,1:なら,/x00:意志,APPEND1090:に.し,1:し,/x00:目的,APPEND1112:に.は,1:は,/x00:自然発生,APPEND1114:に.成り.ます,1:成り,2:ます,/x00:推量-高確実性,APPEND1116:に.きまっ.てる,1:きまっ,2:てる,/x00:自然発生,APPEND1127:に.も.なる,1:も,2:なる,
な	x00:態度,APPEND221:な.〜,1:〜,/x00:理由,APPEND280:な.ので,1:ので,/x00:判断,APPEND633:な,/x00:不許可,APPEND634:な,/x00:依頼,APPEND635:な,/x00:否定,APPEND636:な,/x00:態度,APPEND637:な,
と	x00:否定,APPEND3:と.は.限ら.ない,1:は,2:限ら,3:ない,/x00:比較,APPEND13:と.言う.より,1:言う,2:より,/x00:勧め,APPEND50:と.よい.です,1:よい,2:です,/x00:自然発生,APPEND95:と.なり.ます,1:なり,2:ます,/x00:伝聞,APPEND145:と.の.こと,1:の,2:こと,/x00:話題,APPEND161:と.いえ.ば,1:いえ,2:ば,/x00:勧め,APPEND174:と.良い,1:良い,/x00:例示,APPEND198:と.いう.か,1:いう,2:か,/x00:比較,APPEND296:と.いう.より.も,1:いう,2:より,3:も,/x00:順接仮定,APPEND332:と.なれ.ば,1:なれ,2:ば,/x00:判断,APPEND333:と.する,1:する,/x00:伝聞,APPEND375:と.の.事,1:の,2:事,/x00:順接仮定,APPEND399:と.すれ.ば,1:すれ,2:ば,/x00:比較,APPEND403:と.いう.より,1:いう,2:より,/x00:勧め,APPEND430:と.いい,1:いい,/x00:願望,APPEND431:と.いい,1:いい,/x00:内容,APPEND433:と.いう,1:いう,/x00:自然発生,APPEND478:と.なる,1:なる,/x00:順接仮定,APPEND493:と.なる.と,1:なる,2:と,/x00:逆接確定,APPEND563:と.言っ.て,1:言っ,2:て,/x00:伝聞,APPEND564:と.ゆう.こと,1:ゆう,2:こと,/x00:内容,APPEND565:と.言う,1:言う,/x00:判断,APPEND567:と.言う.事,1:言う,2:事,/x00:判断,APPEND568:と.いう.こと,1:いう,2:こと,/x00:自然発生,APPEND581:と.なれ,1:なれ,/x00:順接仮定,APPEND582:と.し.たら,1:し,2:たら,/x00:順接仮定,APPEND638:と,/x00:判断,APPEND639:と,/x00:逆接確定,APPEND640:と,/x00:順接確定,APPEND641:と,/x00:内容,APPEND642:と,/x00:話題,APPEND726:と.言う.と,1:言う,2:と,/x00:逆接確定,APPEND793:と.言っ.て.も,1:言っ,2:て,3:も,/x00:習慣,APPEND861:と.言う.もの,1:言う,2:もの,/x00:勧め,APPEND895:と.いい.です,1:いい,2:です,/x00:判断,APPEND1031:と.言う.こと,1:言う,2:こと,/x00:判断,APPEND1039:と.さ.れる,1:さ,2:れる,/x00:習慣,APPEND1040:と.さ.れる,1:さ,2:れる,/x00:順接仮定,APPEND1047:と.する.と,1:する,2:と,/x00:逆接確定,APPEND1048:と.は.いえ,1:は,2:いえ,/x00:感嘆,APPEND1094:と.は,1:は,/x00:疑問,APPEND1095:と.は,1:は,/x00:内容,APPEND1096:と.の,1:の,/x00:判断,APPEND1097:と.なっ,1:なっ,/x00:自然発生,APPEND1098:と.なっ,1:なっ,/x00:判断,APPEND1108:と.さ,1:さ,/x00:意志,APPEND1109:と.し,1:し,/x00:例示,APPEND1113:と.か,1:か,/x00:逆接仮定,APPEND1121:と.いえ.ども,1:いえ,2:ども,
は	x00:強調,APPEND643:は,
の	x00:勧め,APPEND9:の.方.が.いい,1:方,2:が,3:いい,/x00:否定,APPEND10:の.で.は.なく,1:で,2:は,3:なく,/x00:判断,APPEND26:の.で.あれ,1:で,2:あれ,/x00:否定,APPEND27:の.で.あれ,1:で,2:あれ,/x00:疑問,APPEND35:の.で.は,1:で,2:は,/x00:判断,APPEND39:の.で.つ,1:で,2:つ,/x00:推量-高確実性,APPEND45:の.でしょ.う,1:でしょ,2:う,/x00:疑問,APPEND46:の.でしょ.う,1:でしょ,2:う,/x00:疑問,APPEND58:の.で.は.ない.でしょ.か,1:で,2:は,3:ない,4:でしょ,5:か,/x00:勧め,APPEND94:の.ほう.が.いい,1:ほう,2:が,3:いい,/x00:疑問,APPEND96:の.で.は.ない.か,1:で,2:は,3:ない,4:か,/x00:疑問,APPEND106:の.か.ね,1:か,2:ね,/x00:疑問,APPEND128:の.か,1:か,/x00:疑問,APPEND150:の.か.どう.か,1:か,2:どう,3:か,/x00:判断,APPEND153:の.だ,1:だ,/x00:理由,APPEND154:の.で,1:で,/x00:疑問,APPEND311:の.か.なぁ,1:か,2:なぁ,/x00:推量-不確実,APPEND319:の.かも.しれ.ませ.ん,1:かも,2:しれ,3:ませ,4:ん,/x00:疑問,APPEND398:の.疑問,1:疑問,/x00:疑問,APPEND416:の.か.な,1:か,2:な,/x00:疑問,APPEND424:の.だろ.う.か,1:だろ,2:う,3:か,/x00:疑問,APPEND432:の.で.は.ない.でしょ.う.か,1:で,2:は,3:ない,4:でしょ,5:う,6:か,/x00:疑問,APPEND473:の.で.つ.か,1:で,2:つ,3:か,/x00:判断,APPEND489:の.です,1:です,/x00:判断,APPEND491:の.でし,1:でし,/x00:順接仮定,APPEND541:の.なら,1:なら,/x00:推量-不確実,APPEND600:の.かも.知れ.ませ.ん,1:かも,2:知れ,3:ませ,4:ん,/x00:態度,APPEND644:の,/x00:内容,APPEND645:の,/x00:話題,APPEND646:の,/x00:判断,APPEND647:の,/x00:名詞化,APPEND648:の,/x00:理由,APPEND649:の,/x00:疑問,APPEND650:の,/x00:疑問,APPEND759:の.で.ござい.ましょ.う.か,1:で,2:ござい,3:ましょ,4:う,5:か,/x00:疑問,APPEND778:の.です.か,1:です,2:か,/x00:推量-高確実性,APPEND786:の.だろ.う,1:だろ,2:う,/x00:疑問,APPEND812:の.でしょ.う.か,1:でしょ,2:う,3:か,/x00:推量-不確実,APPEND844:の.かも,1:かも,/x00:推量-不確実,APPEND900:の.かも.しれ.ない,1:かも,2:しれ,3:ない,/x00:勧め,APPEND1034:の.ほう.が.よい,1:ほう,2:が,3:よい,/x00:判断,APPEND1044:の.で.あっ,1:で,2:あっ,/x00:逆接確定,APPEND1045:の.に,1:に,/x00:判断,APPEND1077:の.で.ござい.ます,1:で,2:ござい,3:ます,/x00:疑問,APPEND1111:の.で.は.ない.です.か,1:で,2:は,3:ない,4:です,5:か,
ね	x00:態度,APPEND651:ね,/x00:疑問,APPEND652:ね,
まで	x00:程度,APPEND61:まで,/x00:終点,APPEND62:まで,
ところ	x00:事前,APPEND391:ところ,/x00:逆接確定,APPEND392:ところ,
だ	x00:継起,APPEND322:だ.後,1:後,/x00:比較,APPEND406:だ.ほう,1:ほう,/x00:疑問,APPEND543:だ.っけ,1:っけ,/x00:判断,APPEND654:だ,/x00:完了,APPEND655:だ,/x00:結果状態,APPEND656:だ,
で	x00:判断,APPEND14:で.あっ,1:あっ,/x00:許可,APPEND47:で.も.良い,1:も,2:良い,/x00:結果状態,APPEND49:で.おく,1:おく,/x00:結果状態,APPEND51:で.おけ,1:おけ,/x00:推量-高確実性,APPEND74:で.あろ.う,1:あろ,2:う,/x00:完了,APPEND105:で.しまっ,1:しまっ,/x00:許可,APPEND114:で.、.良い,1:、,2:良い,/x00:否定,APPEND142:で.も.ない,1:も,2:ない,/x00:継起,APPEND149:で.から,1:から,/x00:判断,APPEND152:で.ある,1:ある,/x00:判断,APPEND155:で.あれ,1:あれ,/x00:方向,APPEND162:で.き,1:き,/x00:継続,APPEND167:で.い,1:い,/x00:結果状態,APPEND168:で.い,1:い,/x00:順接仮定,APPEND182:で.は,1:は,/x00:疑問,APPEND183:で.は,1:は,/x00:順接限定,APPEND184:で.は,1:は,/x00:否定,APPEND190:で.も.あり.ませ.ん,1:も,2:あり,3:ませ,4:ん,/x00:願望,APPEND194:で.欲しい,1:欲しい,/x00:判断,APPEND199:で.も.あり.ます,1:も,2:あり,3:ます,/x00:習慣,APPEND262:で.い.ます,1:い,2:ます,/x00:継続,APPEND263:で.い.ます,1:い,2:ます,/x00:結果状態,APPEND264:で.い.ます,1:い,2:ます,/x00:結果状態,APPEND270:で.い.まし,1:い,2:まし,/x00:否定,APPEND293:で.は.ない.です,1:は,2:ない,3:です,/x00:継続,APPEND307:で.ます,1:ます,/x00:結果状態,APPEND308:で.ます,1:ます,/x00:許可,APPEND312:で.いい.です,1:いい,2:です,/x00:許可,APPEND329:で.良い.です,1:良い,2:です,/x00:疑問,APPEND360:で.は.ない.でしょ.う.か,1:は,2:ない,3:でしょ,4:う,5:か,/x00:疑問,APPEND394:で.は.ない.の.か,1:は,2:ない,3:の,4:か,/x00:習慣,APPEND434:で.い.ませ,1:い,2:ませ,/x00:許可,APPEND469:で.よけれ,1:よけれ,/x00:許可,APPEND476:で.も.いい,1:も,2:いい,/x00:否定,APPEND483:で.は.無く,1:は,2:無く,/x00:依頼,APPEND488:で.下さい,1:下さい,/x00:否定,APPEND492:で.は.なかっ,1:は,2:なかっ,/x00:逆接仮定,APPEND500:で.も,1:も,/x00:逆接確定,APPEND501:で.も,1:も,/x00:許可,APPEND515:で.良い,1:良い,/x00:試行,APPEND534:で.み.まし,1:み,2:まし,/x00:試行,APPEND546:で.みろ,1:みろ,/x00:試行,APPEND549:で.みよ,1:みよ,/x00:無意志,APPEND558:で.しまい.ます,1:しまい,2:ます,/x00:否定,APPEND585:で.なけれ,1:なけれ,/x00:疑問,APPEND624:で.ない.か,1:ない,2:か,/x00:判断,APPEND626:で.くらい,1:くらい,/x00:逆接仮定,APPEND657:で,/x00:並立,APPEND658:で,/x00:継起,APPEND659:で,/x00:反復,APPEND660:で,/x00:願望,APPEND661:で,/x00:内容,APPEND662:で,/x00:結果状態,APPEND663:で,/x00:判断,APPEND664:で,/x00:手段,APPEND665:で,/x00:依頼,APPEND666:で,/x00:順接確定,APPEND667:で,/x00:理由,APPEND668:で,/x00:付帯-続行,APPEND669:で,/x00:付帯-並行,APPEND670:で,/x00:許可,APPEND692:で.、.いい,1:、,2:いい,/x00:判断,APPEND731:で.しか.あり.ませ.ん,1:しか,2:あり,3:ませ,4:ん,/x00:判断,APPEND739:で.も.ある,1:も,2:ある,/x00:否定,APPEND767:で.ない,1:ない,/x00:許可,APPEND808:で.ＯＫ,1:ＯＫ,/x00:依頼,APPEND837:で.ください,1:ください,/x00:依頼,APPEND843:で.くれ.ます,1:くれ,2:ます,/x00:否定,APPEND870:で.は.なく.て,1:は,2:なく,3:て,/x00:許可,APPEND882:で.いい,1:いい,/x00:方向,APPEND888:で.いく,1:いく,/x00:継続,APPEND906:で.おり.ます,1:おり,2:ます,/x00:否定,APPEND924:で.なく,1:なく,/x00:不許可,APPEND951:で.は.いけ.ない,1:は,2:いけ,3:ない,/x00:判断,APPEND981:で.も.有り.ます,1:も,2:有り,3:ます,/x00:依頼,APPEND982:で.くれ,1:くれ,/x00:方向,APPEND984:で.くる,1:くる,/x00:否定,APPEND1011:で.は.なく,1:は,2:なく,/x00:判断,APPEND1018:で.あり.ます,1:あり,2:ます,/x00:否定,APPEND1022:で.は.ない,1:は,2:ない,/x00:疑問,APPEND1023:で.は.ない,1:は,2:ない,/x00:否定,APPEND1035:で.は.あり.ませ.ん,1:は,2:あり,3:ませ,4:ん,/x00:習慣,APPEND1055:で.いる,1:いる,/x00:継続,APPEND1056:で.いる,1:いる,/x00:結果状態,APPEND1057:で.いる,1:いる,/x00:自然発生,APPEND1062:で.たまり.ませ.ん,1:たまり,2:ませ,3:ん,/x00:結果状態,APPEND1065:で.は.いれ,1:は,2:いれ,/x00:否定,APPEND1068:で.は.無い,1:は,2:無い,/x00:判断,APPEND1072:で.は.ある,1:は,2:ある,/x00:結果状態,APPEND1093:で.いれる,1:いれる,
て	x00:許可,APPEND2:て.も.いい.です,1:も,2:いい,3:です,/x00:着継続,APPEND19:て.いけれ,1:いけれ,/x00:結果状態,APPEND24:て.おき.ます,1:おき,2:ます,/x00:試行,APPEND29:て.みれ,1:みれ,/x00:試行,APPEND30:て.みる,1:みる,/x00:試行,APPEND31:て.みよ,1:みよ,/x00:結果状態,APPEND32:て.おき.まし,1:おき,2:まし,/x00:結果状態,APPEND82:て.おこ,1:おこ,/x00:経歴,APPEND84:て.いる,1:いる,/x00:習慣,APPEND85:て.いる,1:いる,/x00:継続,APPEND86:て.いる,1:いる,/x00:結果状態,APPEND87:て.いる,1:いる,/x00:習慣,APPEND90:て.いれ,1:いれ,/x00:継続,APPEND91:て.いれ,1:いれ,/x00:結果状態,APPEND92:て.いれ,1:いれ,/x00:依頼,APPEND100:て.もらい.まし,1:もらい,2:まし,/x00:習慣,APPEND101:て.らっしゃい.ます,1:らっしゃい,2:ます,/x00:継続,APPEND102:て.らっしゃい.ます,1:らっしゃい,2:ます,/x00:依頼,APPEND103:て.もらい.ます,1:もらい,2:ます,/x00:依頼,APPEND104:て.下さ.〜.い,1:下さ,2:〜,3:い,/x00:依頼,APPEND108:て.いただい,1:いただい,/x00:着継続,APPEND111:て.来,1:来,/x00:方向,APPEND112:て.来,1:来,/x00:許可,APPEND120:て.いい,1:いい,/x00:発継続,APPEND122:て.いか,1:いか,/x00:方向,APPEND123:て.いか,1:いか,/x00:発継続,APPEND126:て.いく,1:いく,/x00:方向,APPEND127:て.いく,1:いく,/x00:逆接仮定,APPEND129:て.も.いい,1:も,2:いい,/x00:許可,APPEND130:て.も.いい,1:も,2:いい,/x00:発継続,APPEND131:て.いけ,1:いけ,/x00:方向,APPEND132:て.いけ,1:いけ,/x00:結果状態,APPEND140:て.あり.まし,1:あり,2:まし,/x00:継続,APPEND146:て.やれっ,1:やれっ,/x00:習慣,APPEND157:て.い.まし,1:い,2:まし,/x00:継続,APPEND158:て.い.まし,1:い,2:まし,/x00:結果状態,APPEND159:て.い.まし,1:い,2:まし,/x00:習慣,APPEND164:て.い.ませ,1:い,2:ませ,/x00:継続,APPEND165:て.い.ませ,1:い,2:ませ,/x00:結果状態,APPEND166:て.い.ませ,1:い,2:ませ,/x00:自然発生,APPEND169:て.い.ます,1:い,2:ます,/x00:習慣,APPEND170:て.い.ます,1:い,2:ます,/x00:継続,APPEND171:て.い.ます,1:い,2:ます,/x00:結果状態,APPEND172:て.い.ます,1:い,2:ます,/x00:結果状態,APPEND175:て.入る,1:入る,/x00:順接確定,APPEND179:て.入れ,1:入れ,/x00:依頼,APPEND185:て.もらえ,1:もらえ,/x00:依頼,APPEND186:て.もらう,1:もらう,/x00:依頼,APPEND187:て.もらい,1:もらい,/x00:受益,APPEND188:て.もらい,1:もらい,/x00:習慣,APPEND217:て.おり.ます,1:おり,2:ます,/x00:継続,APPEND218:て.おり.ます,1:おり,2:ます,/x00:結果状態,APPEND219:て.おり.ます,1:おり,2:ます,/x00:依頼,APPEND235:て.くれれ,1:くれれ,/x00:依頼,APPEND238:て.くれる,1:くれる,/x00:受益,APPEND239:て.くれる,1:くれる,/x00:依頼,APPEND251:て.いただけ,1:いただけ,/x00:授与,APPEND265:て.やり,1:やり,/x00:依頼,APPEND266:て.いただき,1:いただき,/x00:受益,APPEND267:て.いただき,1:いただき,/x00:依頼,APPEND279:て.ください.まし,1:ください,2:まし,/x00:着継続,APPEND283:て.き,1:き,/x00:方向,APPEND284:て.き,1:き,/x00:依頼,APPEND290:て.くれ.ませ.ん.か,1:くれ,2:ませ,3:ん,4:か,/x00:依頼,APPEND294:て.下さる,1:下さる,/x00:習慣,APPEND295:て.居る,1:居る,/x00:授与,APPEND303:て.やり.ます,1:やり,2:ます,/x00:試行,APPEND310:て.見,1:見,/x00:勧め,APPEND314:て.は.いかが.でしょ.う.か,1:は,2:いかが,3:でしょ,4:う,5:か,/x00:方向,APPEND334:て.行っ,1:行っ,/x00:逆接仮定,APPEND338:て.も,1:も,/x00:順接仮定,APPEND339:て.も,1:も,/x00:例示,APPEND340:て.も,1:も,/x00:順接確定,APPEND341:て.も,1:も,/x00:逆接確定,APPEND342:て.も,1:も,/x00:強調,APPEND343:て.も,1:も,/x00:依頼,APPEND361:て.貰え,1:貰え,/x00:依頼,APPEND373:て.貰い,1:貰い,/x00:結果状態,APPEND376:て.ある,1:ある,/x00:勧め,APPEND389:て.は.どう.でしょ.う.か,1:は,2:どう,3:でしょ,4:う,5:か,/x00:習慣,APPEND395:て.い.ます.か,1:い,2:ます,3:か,/x00:方向,APPEND397:て.行き.まし,1:行き,2:まし,/x00:依頼,APPEND428:て.いただく,1:いただく,/x00:勧め,APPEND443:て.は.いかが.です.か,1:は,2:いかが,3:です,4:か,/x00:発継続,APPEND444:て.行く,1:行く,/x00:方向,APPEND445:て.行く,1:行く,/x00:依頼,APPEND453:て.頂け.まし,1:頂け,2:まし,/x00:不許可,APPEND460:て.は.いけ.ない,1:は,2:いけ,3:ない,/x00:完了,APPEND470:て.しまい,1:しまい,/x00:無意志,APPEND471:て.しまい,1:しまい,/x00:完了,APPEND474:て.しまえ,1:しまえ,/x00:無意志,APPEND475:て.しまえ,1:しまえ,/x00:結果状態,APPEND477:て.おり,1:おり,/x00:着継続,APPEND479:て.くる,1:くる,/x00:方向,APPEND480:て.くる,1:くる,/x00:依頼,APPEND481:て.く.だ.さぁ.〜.ィ,1:く,2:だ,3:さぁ,4:〜,5:ィ,/x00:完了,APPEND486:て.しまっ,1:しまっ,/x00:無意志,APPEND487:て.しまっ,1:しまっ,/x00:試行,APPEND502:て.み.ませ,1:み,2:ませ,/x00:試行,APPEND507:て.み.まし,1:み,2:まし,/x00:依頼,APPEND528:て.い.た.だけ.ます.でしょ.う.か,1:い,2:た,3:だけ,4:ます,5:でしょ,6:う,7:か,/x00:願望,APPEND529:て.欲しい.です,1:欲しい,2:です,/x00:方向,APPEND536:て.いっ,1:いっ,/x00:発継続,APPEND540:て.いき.ます,1:いき,2:ます,/x00:依頼,APPEND551:て.もらわ,1:もらわ,/x00:許可,APPEND554:て.良い,1:良い,/x00:結果状態,APPEND561:て.て,1:て,/x00:起点,APPEND566:て.この.かた,1:この,2:かた,/x00:完了,APPEND571:て.しまう,1:しまう,/x00:無意志,APPEND572:て.しまう,1:しまう,/x00:継起,APPEND575:て.以来,1:以来,/x00:結果状態,APPEND576:て.おら,1:おら,/x00:依頼,APPEND579:て.くれ,1:くれ,/x00:願望,APPEND580:て.くれ,1:くれ,/x00:授与,APPEND601:て.やれ,1:やれ,/x00:付帯-続行,APPEND602:て.やれ,1:やれ,/x00:授与,APPEND607:て.やる,1:やる,/x00:依頼,APPEND608:て.いただけれ,1:いただけれ,/x00:依頼,APPEND609:て.貰っ,1:貰っ,/x00:依頼,APPEND610:て.いただける,1:いただける,/x00:授与,APPEND613:て.あげる,1:あげる,/x00:依頼,APPEND617:て.もらえれ,1:もらえれ,/x00:依頼,APPEND620:て.もらえる,1:もらえる,/x00:依頼,APPEND621:て.もらえ.ます,1:もらえ,2:ます,/x00:依頼,APPEND622:て.もらえ.ませ,1:もらえ,2:ませ,/x00:依頼,APPEND628:て.貰い.まし,1:貰い,2:まし,/x00:依頼,APPEND653:て.頂け.ます.でしょ.う.か,1:頂け,2:ます,3:でしょ,4:う,5:か,/x00:順接仮定,APPEND671:て,/x00:試行,APPEND672:て,/x00:継続,APPEND673:て,/x00:継起,APPEND674:て,/x00:内容,APPEND675:て,/x00:強調,APPEND676:て,/x00:反復,APPEND677:て,/x00:習慣,APPEND678:て,/x00:願望,APPEND679:て,/x00:並立,APPEND680:て,/x00:手段,APPEND681:て,/x00:依頼,APPEND682:て,/x00:順接確定,APPEND683:て,/x00:付帯-続行 ,APPEND684:て,/x00:理由,APPEND685:て,/x00:逆接確定,APPEND686:て,/x00:方向,APPEND687:て,/x00:結果状態,APPEND688:て,/x00:付帯-続行,APPEND689:て,/x00:付帯-並行,APPEND690:て,/x00:添加,APPEND691:て,/x00:依頼,APPEND733:て.く.だっ.さい,1:く,2:だっ,3:さい,/x00:起点,APPEND736:て.から,1:から,/x00:順接確定,APPEND737:て.から,1:から,/x00:継起,APPEND738:て.から,1:から,/x00:許可,APPEND741:て.よい,1:よい,/x00:依頼,APPEND742:て.くだされ,1:くだされ,/x00:結果状態,APPEND746:て.あれ,1:あれ,/x00:授与,APPEND747:て.あげ,1:あげ,/x00:継続,APPEND754:て.おい.で.です,1:おい,2:で,3:です,/x00:結果状態,APPEND755:て.あっ,1:あっ,/x00:着継続,APPEND788:て.き.ます,1:き,2:ます,/x00:方向,APPEND789:て.き.ます,1:き,2:ます,/x00:試行,APPEND790:て.み.ます,1:み,2:ます,/x00:方向,APPEND791:て.き.ませ,1:き,2:ませ,/x00:勧め,APPEND794:て.は.どう.でしょ.う,1:は,2:どう,3:でしょ,4:う,/x00:依頼,APPEND795:て.頂い,1:頂い,/x00:結果状態,APPEND799:て.あり.ます,1:あり,2:ます,/x00:許可,APPEND813:て.も.良い,1:も,2:良い,/x00:依頼,APPEND814:て.い.た.だけ.ませ.ん.か,1:い,2:た,3:だけ,4:ませ,5:ん,6:か,/x00:習慣,APPEND820:て.ばかり.いる,1:ばかり,2:いる,/x00:不許可,APPEND833:て.は.いけ.ませ.ん,1:は,2:いけ,3:ませ,4:ん,/x00:勧め,APPEND879:て.は.どう.です.か,1:は,2:どう,3:です,4:か,/x00:依頼,APPEND892:て.ください,1:ください,/x00:願望,APPEND893:て.ください,1:ください,/x00:結果状態,APPEND896:て.は.い.ませ,1:は,2:い,3:ませ,/x00:依頼,APPEND901:て.くださっ,1:くださっ,/x00:無意味,APPEND928:て.しまい.まし,1:しまい,2:まし,/x00:無意志,APPEND929:て.しまい.まし,1:しまい,2:まし,/x00:無意志,APPEND937:て.しまい.ます,1:しまい,2:ます,/x00:勧め,APPEND942:て.は.如何.でしょ.う,1:は,2:如何,3:でしょ,4:う,/x00:勧め,APPEND946:て.は.いかが.でしょ.う,1:は,2:いかが,3:でしょ,4:う,/x00:依頼,APPEND955:て.下さい,1:下さい,/x00:結果状態,APPEND956:て.おけ,1:おけ,/x00:方向,APPEND957:て.こい,1:こい,/x00:自然発生,APPEND964:て.おい,1:おい,/x00:結果状態,APPEND965:て.おい,1:おい,/x00:結果状態,APPEND968:て.おき,1:おき,/x00:結果状態,APPEND969:て.おく,1:おく,/x00:授与,APPEND970:て.あげれ,1:あげれ,/x00:結果状態,APPEND971:て.おか,1:おか,/x00:結果状態,APPEND973:て.た,1:た,/x00:依頼,APPEND974:て.下さっ,1:下さっ,/x00:判断,APPEND976:て.こと,1:こと,/x00:試行,APPEND988:て.み,1:み,/x00:順接仮定,APPEND994:て.は,1:は,/x00:勧め,APPEND995:て.は,1:は,/x00:順接確定,APPEND996:て.は,1:は,/x00:勧誘,APPEND997:て.は,1:は,/x00:反復,APPEND998:て.は,1:は,/x00:方向,APPEND999:て.こ,1:こ,/x00:願望,APPEND1002:て.ほしく,1:ほしく,/x00:結果状態,APPEND1006:て.いらっしゃる,1:いらっしゃる,/x00:結果状態,APPEND1007:て.置い,1:置い,/x00:願望,APPEND1008:て.ほしい,1:ほしい,/x00:依頼,APPEND1009:て.くれ.ます,1:くれ,2:ます,/x00:依頼,APPEND1010:て.くれ.ませ,1:くれ,2:ませ,/x00:習慣,APPEND1019:て.い,1:い,/x00:継続,APPEND1020:て.い,1:い,/x00:結果状態,APPEND1021:て.い,1:い,/x00:依頼,APPEND1026:て.頂け.ませ.ん.か,1:頂け,2:ませ,3:ん,4:か,/x00:着継続,APPEND1027:て.き.まし,1:き,2:まし,/x00:方向,APPEND1028:て.き.まし,1:き,2:まし,/x00:依頼,APPEND1029:て.くれ.まし,1:くれ,2:まし,/x00:方向,APPEND1059:て.来.まし,1:来,2:まし,/x00:例示,APPEND1061:て.まで,1:まで,/x00:継起,APPEND1067:て.初めて,1:初めて,/x00:習慣,APPEND1069:て.ます,1:ます,/x00:継続,APPEND1070:て.ます,1:ます,/x00:結果状態,APPEND1071:て.ます,1:ます,/x00:習慣,APPEND1073:て.ませ,1:ませ,/x00:継続,APPEND1074:て.ませ,1:ませ,/x00:結果状態,APPEND1075:て.ませ,1:ませ,/x00:習慣,APPEND1078:て.まし,1:まし,/x00:継続,APPEND1079:て.まし,1:まし,/x00:結果状態,APPEND1080:て.まし,1:まし,/x00:許可,APPEND1091:て.も.かまい.ませ.ん,1:も,2:かまい,3:ませ,4:ん,/x00:依頼,APPEND1122:て.もらっ,1:もらっ,/x00:願望,APPEND1123:て.欲しい,1:欲しい,/x00:無意志,APPEND1126:て.しかた.あり.ませ.ん,1:しかた,2:あり,3:ませ,4:ん,/x00:願望,APPEND1128:て.欲しく,1:欲しく,/x00:願望,APPEND1133:て.ほしい.です,1:ほしい,2:です,/x00:依頼,APPEND1135:て.頂き.まし,1:頂き,2:まし,
はず	x00:否定,APPEND926:はず.が.ない,1:が,2:ない,/x00:判断,APPEND983:はず,
せ	x00:受益,APPEND147:せ.て.くれる,1:て,2:くれる,/x00:受益,APPEND276:せ.て.いただい,1:て,2:いただい,/x00:使役,APPEND402:せ.ませ,1:ませ,/x00:授与,APPEND553:せ.て.上げ,1:て,2:上げ,/x00:受身,APPEND693:せ,/x00:受益,APPEND694:せ,/x00:使役,APPEND695:せ,/x00:許可,APPEND696:せ,/x00:受益,APPEND871:せ.て.もらっ,1:て,2:もらっ,/x00:受益,APPEND894:せ.て.頂き.まし,1:て,2:頂き,3:まし,/x00:受益,APPEND917:せ.て.いただき.まし,1:て,2:いただき,3:まし,/x00:受益,APPEND948:せ.て.もらう,1:て,2:もらう,/x00:受益,APPEND949:せ.て.もらい,1:て,2:もらい,
ず	x00:否定,APPEND697:ず,/x00:否定,APPEND827:ず.に,1:に,
た	x00:事後,APPEND38:た.ばかり,1:ばかり,/x00:勧め,APPEND42:た.ほう.が.いい.です,1:ほう,2:が,3:いい,4:です,/x00:比較,APPEND43:た.方,1:方,/x00:勧め,APPEND44:た.方,1:方,/x00:勧め,APPEND71:た.方.が.良い,1:方,2:が,3:良い,/x00:勧め,APPEND148:た.ほう.が.よろしい,1:ほう,2:が,3:よろしい,/x00:勧め,APPEND435:た.方.が.よろしい,1:方,2:が,3:よろしい,/x00:勧め,APPEND447:た.方.が.良い.です,1:方,2:が,3:良い,4:です,/x00:勧め,APPEND459:た.ほう.が.いい,1:ほう,2:が,3:いい,/x00:勧め,APPEND574:た.方.が.いい.です,1:方,2:が,3:いい,4:です,/x00:判断,APPEND698:た,/x00:完了,APPEND699:た,/x00:結果状態,APPEND700:た,/x00:勧め,APPEND796:た.ほう.が.良い,1:ほう,2:が,3:良い,/x00:完了,APPEND797:た.ほう.が.良い,1:ほう,2:が,3:良い,/x00:付帯-続行,APPEND838:た.まま,1:まま,/x00:継起,APPEND864:た.末,1:末,/x00:勧め,APPEND872:た.方.が.いい,1:方,2:が,3:いい,/x00:比較,APPEND898:た.ほう,1:ほう,/x00:勧め,APPEND899:た.ほう,1:ほう,/x00:疑問,APPEND927:た.っけ,1:っけ,/x00:勧め,APPEND967:た.方.が.よかっ,1:方,2:が,3:よかっ,/x00:継起,APPEND977:た.後,1:後,/x00:同時性,APPEND1000:た.とたん.に,1:とたん,2:に,/x00:願望,APPEND1092:た.がり.ます,1:がり,2:ます,/x00:逆接確定,APPEND1101:た.ところ,1:ところ,/x00:継起,APPEND1102:た.ところ,1:ところ,/x00:継起,APPEND1120:た.あと,1:あと,/x00:同時性,APPEND1129:た.途端,1:途端,
ぞ	x00:態度,APPEND701:ぞ,
まし	x00:判断,APPEND65:まし,
ます	x00:判断,APPEND66:ます,/x00:,APPEND67:ます,/x00:話題,APPEND68:ます,
け	x00:依頼,APPEND703:け,
ませ	x00:判断,APPEND69:ませ,/x00:態度,APPEND70:ませ,/x00:判断,APPEND985:ませ.ん,1:ん,/x00:否定,APPEND986:ませ.ん,1:ん,/x00:疑問,APPEND987:ませ.ん,1:ん,
し	x00:判断,APPEND606:し.ます,1:ます,/x00:判断,APPEND704:し,/x00:態度,APPEND705:し,/x00:並立,APPEND706:し,/x00:添加,APPEND707:し,/x00:理由,APPEND708:し,
さ	x00:判断,APPEND417:さ.れ,1:れ,/x00:使役,APPEND709:さ,/x00:態度,APPEND710:さ,/x00:様態,APPEND725:さ.そう,1:そう,
か	x00:疑問,APPEND328:か.どう.か,1:どう,2:か,/x00:疑問,APPEND352:か.否.か,1:否,2:か,/x00:態度,APPEND532:か.なぁ,1:なぁ,/x00:疑問,APPEND533:か.なぁ,1:なぁ,/x00:並立,APPEND711:か,/x00:感嘆,APPEND712:か,/x00:態度,APPEND713:か,/x00:疑問,APPEND714:か,/x00:疑問,APPEND839:か.ね,1:ね,/x00:態度,APPEND840:か.な,1:な,/x00:疑問,APPEND841:か.な,1:な,/x00:様態,APPEND865:か.の.よう,1:の,2:よう,/x00:態度,APPEND1030:か.よ,1:よ,
が	x00:困難,APPEND17:が.たく,1:たく,/x00:勧め,APPEND33:が.良い.です,1:良い,2:です,/x00:比況,APPEND34:が.ごとく,1:ごとく,/x00:勧め,APPEND230:が.いい,1:いい,/x00:願望,APPEND231:が.いい,1:いい,/x00:逆接仮定,APPEND718:が,/x00:添加,APPEND719:が,/x00:話題,APPEND720:が,/x00:名詞化,APPEND721:が,/x00:順接確定,APPEND722:が,/x00:逆接確定,APPEND723:が,/x00:態度,APPEND724:が,/x00:目的,APPEND1064:が.ため,1:ため,/x00:勧め,APPEND1076:が.いい.です,1:いい,2:です,
う	x00:意志,APPEND287:う.と.し.ます,1:と,2:し,3:ます,/x00:意志,APPEND538:う.と,1:と,/x00:意志,APPEND727:う,/x00:勧め,APPEND728:う,/x00:勧誘,APPEND729:う,/x00:意志,APPEND801:う.と.する,1:と,2:する,/x00:意志,APPEND863:う.と.せ,1:と,2:せ,/x00:意志,APPEND866:う.と.し,1:と,2:し,/x00:意志,APPEND978:う.として,1:として,/x00:意志,APPEND1130:う.とっ,1:とっ,
やすく	x00:容易,APPEND75:やすく,
どころ	x00:程度,APPEND78:どころ,
尽くし	x00:判断,APPEND80:尽くし,
いい	x00:勧め,APPEND869:いい.です,1:です,
かしら	x00:態度,APPEND740:かしら,
ください	x00:依頼,APPEND744:ください,
だけ	x00:程度,APPEND429:だけ.で,1:で,/x00:程度,APPEND769:だけ,/x00:強調,APPEND770:だけ,
物	x00:習慣,APPEND420:物,
程	x00:程度,APPEND748:程,
によって	x00:場合,APPEND1001:によって,
だっ	x00:判断,APPEND99:だっ,
にくい	x00:困難,APPEND421:にくい,/x00:困難,APPEND991:にくい.です,1:です,
でも	x00:例示,APPEND200:でも,/x00:逆接仮定,APPEND201:でも,/x00:逆接確定,APPEND202:でも,/x00:順接仮定,APPEND203:でも,/x00:強調,APPEND204:でも,/x00:許可,APPEND205:でも,/x00:許可,APPEND244:でも.いい.です,1:いい,2:です,/x00:許可,APPEND597:でも.構わ.ない,1:構わ,2:ない,/x00:許可,APPEND925:でも.かまい.ませ.ん,1:かまい,2:ませ,3:ん,/x00:許可,APPEND931:でも.いい,1:いい,/x00:許可,APPEND952:でも.良い.です,1:良い,2:です,/x00:否定,APPEND972:でも.ない.です,1:ない,2:です,
だろ	x00:推量-高確実性,APPEND1081:だろ,/x00:疑問,APPEND1082:だろ,/x00:感嘆,APPEND1131:だろ.う,1:う,/x00:推量-高確実性,APPEND1132:だろ.う,1:う,
ござい	x00:判断,APPEND945:ござい.まし,1:まし,
つもり	x00:意志,APPEND756:つもり,
けど	x00:順接確定,APPEND1012:けど,/x00:逆接確定,APPEND1013:けど,/x00:添加,APPEND1014:けど,/x00:話題,APPEND1015:けど,/x00:態度,APPEND1016:けど,
なくっ	x00:否定,APPEND758:なくっ,
頂け	x00:依頼,APPEND110:頂け,
として	x00:逆接仮定,APPEND569:として.も,1:も,/x00:順接仮定,APPEND570:として.も,1:も,/x00:順接仮定,APPEND761:として,
そう	x00:様態,APPEND815:そう,/x00:伝聞,APPEND816:そう,/x00:推量-不確実,APPEND817:そう,
かも	x00:推量-不確実,APPEND98:かも.しれ.ない,1:しれ,2:ない,/x00:推量-不確実,APPEND455:かも.知れ.ませ.ん,1:知れ,2:ませ,3:ん,/x00:推量-不確実,APPEND545:かも.しれ.ませ.ん,1:しれ,2:ませ,3:ん,/x00:推量-不確実,APPEND780:かも.しれ.ん,1:しれ,2:ん,/x00:推量-不確実,APPEND941:かも.しん.ない,1:しん,2:ない,/x00:推量-不確実,APPEND953:かも,/x00:推量-高確実性,APPEND954:かも,/x00:推量-不確実,APPEND1038:かも.知れ.ない,1:知れ,2:ない,
づらく	x00:困難,APPEND313:づらく,
しょ	x00:勧め,APPEND862:しょ.う,1:う,
ぐらい	x00:例示,APPEND765:ぐらい,/x00:程度,APPEND766:ぐらい,
くらい	x00:程度,APPEND1033:くらい,
やん	x00:態度,APPEND436:やん,
ものの	x00:逆接確定,APPEND915:ものの,
まひ	x00:勧誘,APPEND975:まひ.ょ,1:ょ,
つつ	x00:最中,APPEND422:つつ.あり.ます,1:あり,2:ます,/x00:付帯-並行,APPEND440:つつ,
っぽい	x00:様態,APPEND315:っぽい,/x00:推量-不確実,APPEND316:っぽい,/x00:推量-不確実,APPEND963:っぽい.です,1:です,
もの	x00:理由,APPEND52:もの.です.から,1:です,2:から,/x00:判断,APPEND134:もの,/x00:名詞化,APPEND135:もの,/x00:感嘆,APPEND136:もの,/x00:習慣,APPEND137:もの,/x00:当為,APPEND138:もの,/x00:否定,APPEND757:もの.で.は.勿論.あり.ませ.ん,1:で,2:は,3:勿論,4:あり,5:ませ,6:ん,
けれど	x00:逆接確定,APPEND781:けれど,/x00:添加,APPEND782:けれど,/x00:話題,APPEND783:けれど,
ネ	x00:態度,APPEND20:ネ,
だら	x00:勧め,APPEND743:だら.よい,1:よい,/x00:順接仮定,APPEND1087:だら,
得	x00:可能,APPEND702:得.ます,1:ます,
きれ	x00:完了,APPEND450:きれ,
あと	x00:事後,APPEND451:あと,
きら	x00:完了,APPEND452:きら,
きり	x00:程度,APPEND441:きり,
きる	x00:完了,APPEND454:きる,
っていう	x00:内容,APPEND614:っていう,/x00:順接仮定,APPEND834:っていう.なら,1:なら,
のみ	x00:程度,APPEND72:のみ,
後	x00:事後,APPEND457:後,/x00:継起,APPEND458:後,
たく	x00:願望,APPEND156:たく,
から	x00:逆接確定,APPEND442:から.と.言っ.て,1:と,2:言っ,3:て,/x00:例示,APPEND959:から,/x00:態度,APPEND960:から,/x00:理由,APPEND961:から,
ぬ	x00:否定,APPEND510:ぬ,
易い	x00:容易,APPEND160:易い,
かな	x00:疑問,APPEND446:かな.ぁぁぁ,1:ぁぁぁ,
たい	x00:願望,APPEND163:たい,/x00:願望,APPEND913:たい.です,1:です,
易く	x00:容易,APPEND1124:易く,
方	x00:比較,APPEND472:方,/x00:勧め,APPEND557:方.が.いい.です,1:が,2:いい,3:です,/x00:勧め,APPEND735:方.が.良い,1:が,2:良い,/x00:勧め,APPEND792:方.が.いい,1:が,2:いい,/x00:勧め,APPEND883:方.が.よい,1:が,2:よい,
でる	x00:習慣,APPEND1003:でる,/x00:継続,APPEND1004:でる,/x00:結果状態,APPEND1005:でる,
以上	x00:理由,APPEND482:以上,
様	x00:様態,APPEND180:様,/x00:比況,APPEND181:様,/x00:意志,APPEND993:様.に.し,1:に,2:し,
って	x00:否定,APPEND40:って,/x00:内容,APPEND41:って,/x00:判断,APPEND240:って.事,1:事,/x00:判断,APPEND578:って.こと,1:こと,
べき	x00:当為,APPEND484:べき,
致し	x00:判断,APPEND18:致し.ます,1:ます,
っと	x00:自然発生,APPEND227:っと.なっ,1:なっ,
ほう	x00:勧め,APPEND236:ほう.が.いい,1:が,2:いい,/x00:勧め,APPEND466:ほう.が.良い.です,1:が,2:良い,3:です,/x00:勧め,APPEND490:ほう.が,1:が,/x00:勧め,APPEND527:ほう.が.よい,1:が,2:よい,/x00:比較,APPEND595:ほう,/x00:勧め,APPEND734:ほう.が.よろしい.です,1:が,2:よろしい,3:です,/x00:勧め,APPEND821:ほう.が.、.いい,1:が,2:、,3:いい,/x00:勧め,APPEND1024:ほう.が.良い,1:が,2:良い,/x00:勧め,APPEND1066:ほう.が.いい.です,1:が,2:いい,3:です,
てれ	x00:結果状態,APPEND819:てれ,
てる	x00:判断,APPEND823:てる,/x00:習慣,APPEND824:てる,/x00:継続,APPEND825:てる,/x00:結果状態,APPEND826:てる,
させる	x00:使役,APPEND88:させる,
たび	x00:反復,APPEND193:たび,
ばかり	x00:程度,APPEND494:ばかり,/x00:事後,APPEND495:ばかり,
も	x00:逆接仮定,APPEND496:も,/x00:逆接確定,APPEND497:も,/x00:強調,APPEND498:も,/x00:並立,APPEND499:も,
ないし	x00:否定,APPEND1058:ないし,
等	x00:例示,APPEND196:等,
筈	x00:判断,APPEND197:筈,
だり	x00:例示,APPEND787:だり,
や	x00:例示,APPEND503:や,/x00:態度,APPEND504:や,/x00:態度,APPEND944:や.な,1:な,
ため	x00:目的,APPEND358:ため.に,1:に,/x00:目的,APPEND505:ため,/x00:理由,APPEND506:ため,
にくく	x00:困難,APPEND425:にくく,
よ	x00:態度,APPEND268:よ.ねぇ,1:ねぇ,/x00:態度,APPEND285:よ.なぁ,1:なぁ,/x00:態度,APPEND509:よ,/x00:態度,APPEND615:よ.ねー,1:ねー,/x00:完了,APPEND1050:よ.ね,1:ね,/x00:態度,APPEND1051:よ.ね,1:ね,/x00:疑問,APPEND1052:よ.ね,1:ね,
みたい	x00:例示,APPEND206:みたい,/x00:様態,APPEND207:みたい,/x00:推量-不確実,APPEND208:みたい,/x00:伝聞,APPEND209:みたい,/x00:比況,APPEND210:みたい,
たり	x00:例示,APPEND511:たり,/x00:態度,APPEND512:たり,/x00:添加,APPEND513:たり,/x00:並立,APPEND514:たり,
わ	x00:態度,APPEND804:わ,
れ	x00:判断,APPEND215:れ.まし,1:まし,/x00:受身,APPEND216:れ.まし,1:まし,/x00:判断,APPEND223:れ.ます,1:ます,/x00:自発,APPEND224:れ.ます,1:ます,/x00:受身,APPEND225:れ.ます,1:ます,/x00:可能,APPEND226:れ.ます,1:ます,/x00:受身,APPEND228:れ.ませ,1:ませ,/x00:可能,APPEND229:れ.ませ,1:ませ,/x00:判断,APPEND516:れ,/x00:自発,APPEND517:れ,/x00:受身,APPEND518:れ,/x00:可能,APPEND519:れ,
たら	x00:勧め,APPEND113:たら.良い,1:良い,/x00:勧め,APPEND117:たら.言い,1:言い,/x00:勧め,APPEND255:たら.いい,1:いい,/x00:勧め,APPEND336:たら.どう,1:どう,/x00:順接仮定,APPEND520:たら,/x00:逆接確定,APPEND521:たら,/x00:勧め,APPEND522:たら,/x00:順接確定,APPEND523:たら,/x00:勧め,APPEND627:たら.よい,1:よい,/x00:勧め,APPEND807:たら.ええ,1:ええ,/x00:勧め,APPEND962:たら.どう.でしょ.う,1:どう,2:でしょ,3:う,
他	x00:添加,APPEND22:他.に,1:に,
ん	x00:推量-高確実性,APPEND0:ん.だろ.う,1:だろ,2:う,/x00:疑問,APPEND1:ん.だろ.う,1:だろ,2:う,/x00:疑問,APPEND6:ん.じゃ.ない.でしょ.う.か,1:じゃ,2:ない,3:でしょ,4:う,5:か,/x00:判断,APPEND48:ん.だ,1:だ,/x00:疑問,APPEND60:ん.かぁ,1:かぁ,/x00:否定,APPEND107:ん.じゃ.なく,1:じゃ,2:なく,/x00:否定,APPEND115:ん.じゃ.ない,1:じゃ,2:ない,/x00:疑問,APPEND116:ん.じゃ.ない,1:じゃ,2:ない,/x00:判断,APPEND133:ん.でし,1:でし,/x00:判断,APPEND141:ん.です,1:です,/x00:疑問,APPEND151:ん.じゃ.ない.の,1:じゃ,2:ない,3:の,/x00:疑問,APPEND222:ん.じゃ.ない.か,1:じゃ,2:ない,3:か,/x00:疑問,APPEND269:ん.でしょ.う.か,1:でしょ,2:う,3:か,/x00:疑問,APPEND273:ん.じゃ.ない.の.か,1:じゃ,2:ない,3:の,4:か,/x00:推量-不確実,APPEND377:ん.でしょ.う,1:でしょ,2:う,/x00:推量-高確実性,APPEND378:ん.でしょ.う,1:でしょ,2:う,/x00:疑問,APPEND379:ん.でしょ.う,1:でしょ,2:う,/x00:疑問,APPEND381:ん.でしょ.か,1:でしょ,2:か,/x00:否定,APPEND390:ん.じゃ.なく.て,1:じゃ,2:なく,3:て,/x00:疑問,APPEND409:ん.だ.か,1:だ,2:か,/x00:判断,APPEND524:ん,/x00:否定,APPEND525:ん,/x00:疑問,APPEND526:ん,/x00:疑問,APPEND539:ん.じゃ.ない.です.か,1:じゃ,2:ない,3:です,4:か,/x00:推量-高確実性,APPEND559:ん.でしょ,1:でしょ,/x00:疑問,APPEND560:ん.でしょ,1:でしょ,/x00:疑問,APPEND768:ん.です.かぁ,1:です,2:かぁ,/x00:疑問,APPEND798:ん.じゃ,1:じゃ,/x00:疑問,APPEND836:ん.で.ねえ.の.か,1:で,2:ねえ,3:の,4:か,/x00:理由,APPEND889:ん.だ.から,1:だ,2:から,/x00:疑問,APPEND903:ん.で.は.ない.でしょ.う.か,1:で,2:は,3:ない,4:でしょ,5:う,6:か,/x00:疑問,APPEND1054:ん.です.か,1:です,2:か,
気	x00:推量-不確実,APPEND990:気.が.し.ます,1:が,2:し,3:ます,
など	x00:例示,APPEND842:など,
為	x00:目的,APPEND380:為.に,1:に,/x00:目的,APPEND1099:為,/x00:理由,APPEND1100:為,
なっ	x00:自然発生,APPEND846:なっ,
れれ	x00:判断,APPEND531:れれ,
あり	x00:否定,APPEND177:あり.ませ.ん,1:ませ,2:ん,/x00:疑問,APPEND178:あり.ませ.ん,1:ませ,2:ん,/x00:判断,APPEND763:あり.ます,1:ます,
らしい	x00:推量-不確実,APPEND246:らしい.です,1:です,/x00:伝聞,APPEND247:らしい.です,1:です,/x00:伝聞,APPEND848:らしい,
ざる	x00:不可避,APPEND764:ざる.得.ませ.ん,1:得,2:ませ,3:ん,
れる	x00:自発,APPEND873:れる,/x00:判断,APPEND874:れる,/x00:無意味,APPEND875:れる,/x00:受身,APPEND876:れる,/x00:強調,APPEND877:れる,/x00:可能,APPEND878:れる,
なけれ	x00:当為,APPEND282:なけれ.ば.いけ.ない,1:ば,2:いけ,3:ない,/x00:当為,APPEND785:なけれ.ば.なら.ない,1:ば,2:なら,3:ない,/x00:当為,APPEND811:なけれ.ば.なり.ませ.ん,1:ば,2:なり,3:ませ,4:ん,/x00:否定,APPEND1106:なけれ,/x00:当為,APPEND1107:なけれ,
られれ	x00:受身,APPEND1063:られれ,
ちゃ	x00:完了,APPEND118:ちゃ.い.ます,1:い,2:ます,/x00:無意志,APPEND119:ちゃ.い.ます,1:い,2:ます,/x00:完了,APPEND121:ちゃ.い.ませ,1:い,2:ませ,/x00:完了,APPEND124:ちゃ.い.まし,1:い,2:まし,/x00:無意志,APPEND125:ちゃ.い.まし,1:い,2:まし,/x00:完了,APPEND220:ちゃ.い,1:い,/x00:授与,APPEND335:ちゃ.らん,1:らん,/x00:不許可,APPEND779:ちゃ.ダメ,1:ダメ,/x00:順接仮定,APPEND850:ちゃ,
です	x00:疑問,APPEND21:です.か.ね,1:か,2:ね,/x00:話題,APPEND407:です.が,1:が,/x00:疑問,APPEND449:です.か,1:か,/x00:判断,APPEND467:です.よ,1:よ,/x00:判断,APPEND851:です,
らしく	x00:様態,APPEND852:らしく,/x00:推量-不確実,APPEND853:らしく,
なく	x00:不必要,APPEND109:なく.て.も.良い,1:て,2:も,3:良い,/x00:当為,APPEND288:なく.て.は.いけ.ませ.ん,1:て,2:は,3:いけ,4:ませ,5:ん,/x00:当為,APPEND408:なく.て.は.なり.ませ.ん,1:て,2:は,3:なり,4:ませ,5:ん,/x00:不必要,APPEND555:なく.て.も.良い.です,1:て,2:も,3:良い,4:です,/x00:不必要,APPEND829:なく.て.よい,1:て,2:よい,/x00:否定,APPEND854:なく,/x00:不必要,APPEND880:なく.ていい,1:ていい,/x00:不必要,APPEND935:なく.て.も.いい,1:て,2:も,3:いい,/x00:当為,APPEND1042:なく.て.は.なら.ない,1:て,2:は,3:なら,4:ない,
ない	x00:当為,APPEND76:ない.と.いけ.ませ.ん,1:と,2:いけ,3:ませ,4:ん,/x00:疑問,APPEND97:ない.です.か,1:です,2:か,/x00:当為,APPEND605:ない.と.いけ.ない,1:と,2:いけ,3:ない,/x00:否定,APPEND611:ない.です,1:です,/x00:当為,APPEND717:ない.と,1:と,/x00:否定,APPEND855:ない,/x00:可能,APPEND856:ない,/x00:疑問,APPEND857:ない,/x00:当為,APPEND904:ない.と.いけ.なかっ,1:と,2:いけ,3:なかっ,
なきゃ	x00:当為,APPEND83:なきゃ.いけ.なかっ,1:いけ,2:なかっ,
前	x00:事前,APPEND1118:前.に,1:に,
なぁ	x00:態度,APPEND859:なぁ,
なあ	x00:態度,APPEND860:なあ,
難い	x00:困難,APPEND245:難い,
でし	x00:判断,APPEND847:でし,/x00:疑問,APPEND884:でし.た,1:た,
ので	x00:順接確定,APPEND248:ので,/x00:理由,APPEND249:ので,
のに	x00:目的,APPEND252:のに,/x00:逆接確定,APPEND253:のに,/x00:理由,APPEND254:のに,
やす	x00:容易,APPEND256:やす,
トルネードマート	x00:理由,APPEND867:トルネードマート,
という	x00:判断,APPEND63:という.事,1:事,/x00:伝聞,APPEND64:という.事,1:事,/x00:判断,APPEND258:という,/x00:名詞化,APPEND259:という,/x00:伝聞,APPEND260:という,/x00:内容,APPEND261:という,/x00:判断,APPEND979:という.こと.に.なり.ます,1:こと,2:に,3:なり,4:ます,/x00:自然発生,APPEND980:という.こと.に.なり.ます,1:こと,2:に,3:なり,4:ます,/x00:判断,APPEND1036:という.こと,1:こと,/x00:伝聞,APPEND1037:という.こと,1:こと,
なさい	x00:依頼,APPEND753:なさい,
無い	x00:否定,APPEND73:無い.です,1:です,/x00:否定,APPEND1125:無い,
いただく	x00:依頼,APPEND1104:いただく,
間	x00:順接仮定,APPEND272:間,/x00:順接仮定,APPEND832:間.に,1:に,
。	x00:態度,APPEND1025:。,
せい	x00:理由,APPEND274:せい,
うえ	x00:継起,APPEND618:うえ.で,1:で,
っぱなし	x00:結果状態,APPEND277:っぱなし,
ぜ	x00:態度,APPEND556:ぜ,
しか	x00:不可避,APPEND330:しか.ない,1:ない,/x00:不可避,APPEND438:しか.有り.ませ.ん,1:有り,2:ませ,3:ん,/x00:程度,APPEND508:しか,/x00:不可避,APPEND818:しか.ない.です,1:ない,2:です,/x00:不可避,APPEND890:しか.あり.ませ.ん,1:あり,2:ませ,3:ん,
がたく	x00:困難,APPEND562:がたく,
とも	x00:逆接仮定,APPEND1117:とも,
よー	x00:願望,APPEND81:よー.に,1:に,/x00:態度,APPEND286:よー,
位	x00:程度,APPEND176:位,
ねー	x00:態度,APPEND1137:ねー,
